{
  "stats": {
    "suites": 6,
    "tests": 20,
    "passes": 17,
    "pending": 0,
    "failures": 3,
    "start": "2018-05-30T21:40:43.012Z",
    "end": "2018-05-30T21:46:11.830Z",
    "duration": 328818,
    "testsRegistered": 20,
    "passPercent": 85,
    "pendingPercent": 0,
    "other": 0,
    "hasOther": false,
    "skipped": 0,
    "hasSkipped": false,
    "passPercentClass": "success",
    "pendingPercentClass": "danger"
  },
  "suites": {
    "uuid": "958e71d8-7634-4d82-b647-755f46d9cabb",
    "title": "",
    "fullFile": "",
    "file": "",
    "beforeHooks": [],
    "afterHooks": [],
    "tests": [],
    "suites": [
      {
        "uuid": "d08860db-ec0f-41c3-bd86-169224b3dc5c",
        "title": "BAR Fee Clerk Add Payment Instruction",
        "fullFile": "/Users/krishnakishorenuthalapati/git2/BAR-WEB-Acceptance-Tests/bar-web-acceptance-tests/test/end-to-end/tests/BARFeeClerk_test.js",
        "file": "/test/end-to-end/tests/BARFeeClerk_test.js",
        "beforeHooks": [
          {
            "title": "\"before all\" hook: codeceptjs.beforeSuite",
            "fullTitle": "BAR Fee Clerk Add Payment Instruction \"before all\" hook: codeceptjs.beforeSuite",
            "timedOut": false,
            "duration": 1,
            "pass": false,
            "fail": false,
            "pending": false,
            "code": "scenario.suiteSetup(suite)",
            "err": {},
            "isRoot": false,
            "uuid": "0d61801c-61e6-4b7d-97f0-a73c6743b3a8",
            "isHook": true,
            "skipped": false
          },
          {
            "title": "\"before each\" hook: codeceptjs.before",
            "fullTitle": "BAR Fee Clerk Add Payment Instruction \"before each\" hook: codeceptjs.before",
            "timedOut": false,
            "duration": 677,
            "pass": false,
            "fail": false,
            "pending": false,
            "code": "scenario.setup(suite)",
            "err": {},
            "isRoot": false,
            "uuid": "8d9b7aa9-f605-4692-a2e7-e01a13da01dc",
            "isHook": true,
            "skipped": false
          },
          {
            "title": "\"before each\" hook: Before",
            "fullTitle": "BAR Fee Clerk Add Payment Instruction \"before each\" hook: Before",
            "timedOut": false,
            "duration": 7401,
            "pass": false,
            "fail": false,
            "pending": false,
            "code": "(I, Idam) => {\n    I.amOnPage('/login');\n    I.login('i119419@nwytg.com', 'LevelAt12');\n    I.click({xpath: '//div[2]/div/ul[1]/li[1]/a'});",
            "err": {},
            "isRoot": false,
            "uuid": "476e1f78-6fc0-4d30-abcf-168bfe6a1c45",
            "isHook": true,
            "skipped": false
          }
        ],
        "afterHooks": [
          {
            "title": "\"after all\" hook: codeceptjs.afterSuite",
            "fullTitle": "BAR Fee Clerk Add Payment Instruction \"after all\" hook: codeceptjs.afterSuite",
            "timedOut": false,
            "duration": 0,
            "pass": false,
            "fail": false,
            "pending": false,
            "code": "scenario.suiteTeardown(suite)",
            "err": {},
            "isRoot": false,
            "uuid": "cb33ab64-a2d7-46fc-8af3-3ef879229bc5",
            "isHook": true,
            "skipped": false
          },
          {
            "title": "\"after each\" hook: finalize codeceptjs",
            "fullTitle": "BAR Fee Clerk Add Payment Instruction \"after each\" hook: finalize codeceptjs",
            "timedOut": false,
            "duration": 53,
            "pass": false,
            "fail": false,
            "pending": false,
            "code": "scenario.teardown(suite)",
            "err": {},
            "isRoot": false,
            "uuid": "21aa1c6c-59ed-4015-909e-82a3d200f610",
            "isHook": true,
            "skipped": false
          }
        ],
        "tests": [
          {
            "title": "Add Payment Instruction",
            "fullTitle": "BAR Fee Clerk Add Payment Instruction: Add Payment Instruction",
            "timedOut": false,
            "duration": 909,
            "state": "passed",
            "speed": "slow",
            "pass": true,
            "fail": false,
            "pending": false,
            "code": "I.see('Add Payment Instruction')\n    I.see('Payment Type')\n    I.waitForElement({css: '[type=\"radio\"]'}, 30)\n    I.see('Cheque')\n    I.see('Cash')\n    I.see('Postal Order')\n    I.see('AllPay')\n    I.see('Card')\n    I.see('Payer name')\n    I.see('Amount')\n    I.seeElement('.button.button-view:disabled');",
            "err": {},
            "isRoot": false,
            "uuid": "4f317a56-cbfb-4744-b5cb-9770ebbb3a08",
            "isHook": false,
            "skipped": false
          },
          {
            "title": "Select Payment Type Cheque",
            "fullTitle": "BAR Fee Clerk Add Payment Instruction: Select Payment Type Cheque",
            "timedOut": false,
            "duration": 21554,
            "state": "passed",
            "speed": "slow",
            "pass": true,
            "fail": false,
            "pending": false,
            "code": "I.feeclerkChequePaymentType();",
            "err": {},
            "isRoot": false,
            "uuid": "a06cd7d2-0a4f-4433-8f7c-b4db5b03431e",
            "isHook": false,
            "skipped": false
          },
          {
            "title": "Select Payment Type Postal Order",
            "fullTitle": "BAR Fee Clerk Add Payment Instruction: Select Payment Type Postal Order",
            "timedOut": false,
            "duration": 21495,
            "state": "passed",
            "speed": "slow",
            "pass": true,
            "fail": false,
            "pending": false,
            "code": "I.feeclerkPostalOrderPaymentType();",
            "err": {},
            "isRoot": false,
            "uuid": "4a0befce-d206-4e7d-b5fd-4f2fa1571672",
            "isHook": false,
            "skipped": false
          },
          {
            "title": "Select Payment Type Cash",
            "fullTitle": "BAR Fee Clerk Add Payment Instruction: Select Payment Type Cash",
            "timedOut": false,
            "duration": 24335,
            "state": "passed",
            "speed": "slow",
            "pass": true,
            "fail": false,
            "pending": false,
            "code": "I.feeclerkCashPaymentType();",
            "err": {},
            "isRoot": false,
            "uuid": "ba7e4121-2a59-44a5-bd17-b7daa90e30f1",
            "isHook": false,
            "skipped": false
          },
          {
            "title": "Select Payment Type All Pay",
            "fullTitle": "BAR Fee Clerk Add Payment Instruction: Select Payment Type All Pay",
            "timedOut": false,
            "duration": 21536,
            "state": "passed",
            "speed": "slow",
            "pass": true,
            "fail": false,
            "pending": false,
            "code": "I.feeclerkAllPayPaymentType();",
            "err": {},
            "isRoot": false,
            "uuid": "d3906629-c032-4f25-b064-a62db85d3a8a",
            "isHook": false,
            "skipped": false
          },
          {
            "title": "Select Payment Type Card",
            "fullTitle": "BAR Fee Clerk Add Payment Instruction: Select Payment Type Card",
            "timedOut": false,
            "duration": 21525,
            "state": "passed",
            "speed": "slow",
            "pass": true,
            "fail": false,
            "pending": false,
            "code": "I.feeclerkCardPaymentType();",
            "err": {},
            "isRoot": false,
            "uuid": "2a9b5b57-6319-4a9e-a84c-768cef3c2471",
            "isHook": false,
            "skipped": false
          }
        ],
        "suites": [],
        "passes": [
          "4f317a56-cbfb-4744-b5cb-9770ebbb3a08",
          "a06cd7d2-0a4f-4433-8f7c-b4db5b03431e",
          "4a0befce-d206-4e7d-b5fd-4f2fa1571672",
          "ba7e4121-2a59-44a5-bd17-b7daa90e30f1",
          "d3906629-c032-4f25-b064-a62db85d3a8a",
          "2a9b5b57-6319-4a9e-a84c-768cef3c2471"
        ],
        "failures": [],
        "pending": [],
        "skipped": [],
        "duration": 111354,
        "root": false,
        "rootEmpty": false,
        "_timeout": 0
      },
      {
        "uuid": "a72f2dd4-5af2-4947-ba21-299a2622d44c",
        "title": "BAR Fee Clerk Edit and Remove Payment Instruction",
        "fullFile": "/Users/krishnakishorenuthalapati/git2/BAR-WEB-Acceptance-Tests/bar-web-acceptance-tests/test/end-to-end/tests/BARFeeClerkEdit_test.js",
        "file": "/test/end-to-end/tests/BARFeeClerkEdit_test.js",
        "beforeHooks": [
          {
            "title": "\"before all\" hook: codeceptjs.beforeSuite",
            "fullTitle": "BAR Fee Clerk Edit and Remove Payment Instruction \"before all\" hook: codeceptjs.beforeSuite",
            "timedOut": false,
            "duration": 0,
            "pass": false,
            "fail": false,
            "pending": false,
            "code": "scenario.suiteSetup(suite)",
            "err": {},
            "isRoot": false,
            "uuid": "d9171d93-ea1f-4191-996a-e870d6cd53c4",
            "isHook": true,
            "skipped": false
          },
          {
            "title": "\"before each\" hook: codeceptjs.before",
            "fullTitle": "BAR Fee Clerk Edit and Remove Payment Instruction \"before each\" hook: codeceptjs.before",
            "timedOut": false,
            "duration": 629,
            "pass": false,
            "fail": false,
            "pending": false,
            "code": "scenario.setup(suite)",
            "err": {},
            "isRoot": false,
            "uuid": "75cf28fd-00dc-4da8-887c-85208a76fdf9",
            "isHook": true,
            "skipped": false
          },
          {
            "title": "\"before each\" hook: Before",
            "fullTitle": "BAR Fee Clerk Edit and Remove Payment Instruction \"before each\" hook: Before",
            "timedOut": false,
            "duration": 9151,
            "pass": false,
            "fail": false,
            "pending": false,
            "code": "(I, Idam) => {\n    I.amOnPage('/login');\n    I.login('i119419@nwytg.com', 'LevelAt12');\n    I.click({xpath: '//div[2]/div/ul[1]/li[1]/a'});",
            "err": {},
            "isRoot": false,
            "uuid": "eba2f038-8298-41d4-bac2-1d060a003e6b",
            "isHook": true,
            "skipped": false
          }
        ],
        "afterHooks": [
          {
            "title": "\"after all\" hook: codeceptjs.afterSuite",
            "fullTitle": "BAR Fee Clerk Edit and Remove Payment Instruction \"after all\" hook: codeceptjs.afterSuite",
            "timedOut": false,
            "duration": 0,
            "pass": false,
            "fail": false,
            "pending": false,
            "code": "scenario.suiteTeardown(suite)",
            "err": {},
            "isRoot": false,
            "uuid": "ad24a5ce-faf8-46f0-9d19-6b2230d03249",
            "isHook": true,
            "skipped": false
          },
          {
            "title": "\"after each\" hook: finalize codeceptjs",
            "fullTitle": "BAR Fee Clerk Edit and Remove Payment Instruction \"after each\" hook: finalize codeceptjs",
            "timedOut": false,
            "duration": 54,
            "pass": false,
            "fail": false,
            "pending": false,
            "code": "scenario.teardown(suite)",
            "err": {},
            "isRoot": false,
            "uuid": "ff3b63a1-e7aa-4c9f-bc32-f44f67207429",
            "isHook": true,
            "skipped": false
          }
        ],
        "tests": [
          {
            "title": "Select Payment Type Cheque",
            "fullTitle": "BAR Fee Clerk Edit and Remove Payment Instruction: Select Payment Type Cheque",
            "timedOut": false,
            "duration": 10709,
            "state": "failed",
            "pass": false,
            "fail": true,
            "pending": false,
            "code": "I.feeclerkEditChequePaymentType();",
            "err": {
              "message": "Error: Clickable element {\"xpath\":\"//div[5]/table/tbody/tr/td[4]/a\"} was not found by text|CSS|XPath",
              "estack": "Clickable element {\"xpath\":\"//div[5]/table/tbody/tr/td[4]/a\"} was not found by text|CSS|XPath\n\nScenario Steps:\n\n- I.click({\"xpath\":\"//div[5]/table/tbody/tr/td[4]/a\"}) at Object.feeclerkEditChequePaymentType (test/end-to-end/pages/steps_file.js:433:18)\n- I.wait(2) at Object.feeclerkEditChequePaymentType (test/end-to-end/pages/steps_file.js:432:18)\n- I.fillField(\"Search for a Fee\", \"X0165\") at Object.feeclerkEditChequePaymentType (test/end-to-end/pages/steps_file.js:431:18)\n- I.fillField(\"Case number\", \"654321\") at Object.feeclerkEditChequePaymentType (test/end-to-end/pages/steps_file.js:430:18)\n- I.click({\"xpath\":\"//div/div[2]/div[2]/button\"}) at Object.feeclerkEditChequePaymentType (test/end-to-end/pages/steps_file.js:429:18)\n- I.waitForText(\"Camron\", 10) at Object.feeclerkEditChequePaymentType (test/end-to-end/pages/steps_file.js:428:18)\n- I.click({\"css\":\"[type=\\\"submit\\\"]\"}) at Object.feeclerkEditChequePaymentType (test/end-to-end/pages/steps_file.js:427:18)\n- I.fillField(\"Cheque number\", \"123456\") at Object.feeclerkEditChequePaymentType (test/end-to-end/pages/steps_file.js:426:18)\n- I.fillField(\"Amount\", \"10000\") at Object.feeclerkEditChequePaymentType (test/end-to-end/pages/steps_file.js:425:18)\n- I.fillField(\"Payer name\", \"Camron\") at Object.feeclerkEditChequePaymentType (test/end-to-end/pages/steps_file.js:424:18)\n- I.wait(2) at Object.feeclerkEditChequePaymentType (test/end-to-end/pages/steps_file.js:423:18)\n- I.click({\"xpath\":\"//div/div[4]/table/tbody/tr/td[7]/a\"}) at Object.feeclerkEditChequePaymentType (test/end-to-end/pages/steps_file.js:421:18)\n- I.wait(2) at Object.feeclerkEditChequePaymentType (test/end-to-end/pages/steps_file.js:420:18)\n- I.see(\"Payment details\") at Object.feeclerkEditChequePaymentType (test/end-to-end/pages/steps_file.js:419:18)\n- I.see(\"No fee details on payment\") at Object.feeclerkEditChequePaymentType (test/end-to-end/pages/steps_file.js:418:18)\n- I.see(\"Validate payment\") at Object.feeclerkEditChequePaymentType (test/end-to-end/pages/steps_file.js:417:18)\n- I.waitForText(\"Russel\", 10) at Object.feeclerkEditChequePaymentType (test/end-to-end/pages/steps_file.js:416:18)\n- I.click({\"css\":\"[type=\\\"submit\\\"]\"}) at Object.feeclerkEditChequePaymentType (test/end-to-end/pages/steps_file.js:415:18)\n- I.fillField(\"Cheque number\", \"312323\") at Object.feeclerkEditChequePaymentType (test/end-to-end/pages/steps_file.js:414:18)\n- I.fillField(\"Amount\", \"550\") at Object.feeclerkEditChequePaymentType (test/end-to-end/pages/steps_file.js:413:18)\n- I.fillField(\"Payer name\", \"Russel\") at Object.feeclerkEditChequePaymentType (test/end-to-end/pages/steps_file.js:412:18)\n- I.see(\"Cheque number\") at Object.feeclerkEditChequePaymentType (test/end-to-end/pages/steps_file.js:411:18)\n- I.click({\"xpath\":\"//div[1]/fieldset/div/div[1]/label/div/input\"}) at Object.feeclerkEditChequePaymentType (test/end-to-end/pages/steps_file.js:410:18)\n- I.waitForElement({\"xpath\":\"//div[1]/fieldset/div/div[1]/label/div/input\"}, 30) at Object.feeclerkEditChequePaymentType (test/end-to-end/pages/steps_file.js:409:18)\n\n"
            },
            "isRoot": false,
            "uuid": "68c5dfb4-430f-437d-bb0d-af8f825b30fa",
            "isHook": false,
            "skipped": false
          }
        ],
        "suites": [],
        "passes": [],
        "failures": [
          "68c5dfb4-430f-437d-bb0d-af8f825b30fa"
        ],
        "pending": [],
        "skipped": [],
        "duration": 10709,
        "root": false,
        "rootEmpty": false,
        "_timeout": 0
      },
      {
        "uuid": "1c8b2ceb-b6f7-4966-b28d-9c9bf673556b",
        "title": "BAR Post Clerk Add Payment Instruction",
        "fullFile": "/Users/krishnakishorenuthalapati/git2/BAR-WEB-Acceptance-Tests/bar-web-acceptance-tests/test/end-to-end/tests/BARPostClerk_test.js",
        "file": "/test/end-to-end/tests/BARPostClerk_test.js",
        "beforeHooks": [
          {
            "title": "\"before all\" hook: codeceptjs.beforeSuite",
            "fullTitle": "BAR Post Clerk Add Payment Instruction \"before all\" hook: codeceptjs.beforeSuite",
            "timedOut": false,
            "duration": 0,
            "pass": false,
            "fail": false,
            "pending": false,
            "code": "scenario.suiteSetup(suite)",
            "err": {},
            "isRoot": false,
            "uuid": "cf7e26bd-de4a-4f1c-adfa-a7bad94e19db",
            "isHook": true,
            "skipped": false
          },
          {
            "title": "\"before each\" hook: codeceptjs.before",
            "fullTitle": "BAR Post Clerk Add Payment Instruction \"before each\" hook: codeceptjs.before",
            "timedOut": false,
            "duration": 653,
            "pass": false,
            "fail": false,
            "pending": false,
            "code": "scenario.setup(suite)",
            "err": {},
            "isRoot": false,
            "uuid": "36ab92be-185e-4b96-9e15-8edf6fbc5e24",
            "isHook": true,
            "skipped": false
          },
          {
            "title": "\"before each\" hook: Before",
            "fullTitle": "BAR Post Clerk Add Payment Instruction \"before each\" hook: Before",
            "timedOut": false,
            "duration": 6914,
            "pass": false,
            "fail": false,
            "pending": false,
            "code": "(I, Idam) => {\n    I.amOnPage('/login');\n    I.login('i118030@nwytg.com', 'LevelAt12');",
            "err": {},
            "isRoot": false,
            "uuid": "b0156743-b9ff-4153-ac86-807638c95d9a",
            "isHook": true,
            "skipped": false
          }
        ],
        "afterHooks": [
          {
            "title": "\"after all\" hook: codeceptjs.afterSuite",
            "fullTitle": "BAR Post Clerk Add Payment Instruction \"after all\" hook: codeceptjs.afterSuite",
            "timedOut": false,
            "duration": 0,
            "pass": false,
            "fail": false,
            "pending": false,
            "code": "scenario.suiteTeardown(suite)",
            "err": {},
            "isRoot": false,
            "uuid": "10ba7a57-cf00-4002-9c87-8fffafa174d9",
            "isHook": true,
            "skipped": false
          },
          {
            "title": "\"after each\" hook: finalize codeceptjs",
            "fullTitle": "BAR Post Clerk Add Payment Instruction \"after each\" hook: finalize codeceptjs",
            "timedOut": false,
            "duration": 60,
            "pass": false,
            "fail": false,
            "pending": false,
            "code": "scenario.teardown(suite)",
            "err": {},
            "isRoot": false,
            "uuid": "24bddc9c-2f6e-46db-a830-ac0575d0e474",
            "isHook": true,
            "skipped": false
          }
        ],
        "tests": [
          {
            "title": "Add Payment Instruction",
            "fullTitle": "BAR Post Clerk Add Payment Instruction: Add Payment Instruction",
            "timedOut": false,
            "duration": 1364,
            "state": "passed",
            "speed": "slow",
            "pass": true,
            "fail": false,
            "pending": false,
            "code": "I.see('Add Payment Instruction')\n    I.see('Payment Type')\n    I.waitForElement({css: '[type=\"radio\"]'}, 30)\n    I.see('Cheque')\n    I.see('Cash')\n    I.see('Postal Order')\n    I.see('AllPay')\n    I.see('Card')\n    I.see('Payer name')\n    I.see('Amount')\n    I.seeElement('.button.button-view:disabled');",
            "err": {},
            "isRoot": false,
            "uuid": "36f0d44c-b0f1-4f60-9825-0a5741102b4f",
            "isHook": false,
            "skipped": false
          },
          {
            "title": "Select Payment Type Cheque",
            "fullTitle": "BAR Post Clerk Add Payment Instruction: Select Payment Type Cheque",
            "timedOut": false,
            "duration": 3747,
            "state": "passed",
            "speed": "slow",
            "pass": true,
            "fail": false,
            "pending": false,
            "code": "I.paymentTypeCheque();",
            "err": {},
            "isRoot": false,
            "uuid": "a676aa13-dc2c-4aed-a387-47ed3a75cb2f",
            "isHook": false,
            "skipped": false
          },
          {
            "title": "Select Payment Type Postal Order",
            "fullTitle": "BAR Post Clerk Add Payment Instruction: Select Payment Type Postal Order",
            "timedOut": false,
            "duration": 4356,
            "state": "passed",
            "speed": "slow",
            "pass": true,
            "fail": false,
            "pending": false,
            "code": "I.paymentTypePostalOrder();",
            "err": {},
            "isRoot": false,
            "uuid": "2d5cf775-dfa4-43cc-a168-9c9f050be983",
            "isHook": false,
            "skipped": false
          },
          {
            "title": "Select Payment Type Cash",
            "fullTitle": "BAR Post Clerk Add Payment Instruction: Select Payment Type Cash",
            "timedOut": false,
            "duration": 3722,
            "state": "passed",
            "speed": "slow",
            "pass": true,
            "fail": false,
            "pending": false,
            "code": "I.paymentTypeCash();",
            "err": {},
            "isRoot": false,
            "uuid": "49a1c0c8-2b14-4fd7-90c1-31a7cf5a583e",
            "isHook": false,
            "skipped": false
          },
          {
            "title": "Select Payment Type All Pay",
            "fullTitle": "BAR Post Clerk Add Payment Instruction: Select Payment Type All Pay",
            "timedOut": false,
            "duration": 3932,
            "state": "passed",
            "speed": "slow",
            "pass": true,
            "fail": false,
            "pending": false,
            "code": "I.paymentTypeAllPay();",
            "err": {},
            "isRoot": false,
            "uuid": "21587b3f-e78f-46a6-a328-d6e2ef2cf317",
            "isHook": false,
            "skipped": false
          },
          {
            "title": "Select Payment Type Card",
            "fullTitle": "BAR Post Clerk Add Payment Instruction: Select Payment Type Card",
            "timedOut": false,
            "duration": 4492,
            "state": "passed",
            "speed": "slow",
            "pass": true,
            "fail": false,
            "pending": false,
            "code": "I.paymentTypeCard();",
            "err": {},
            "isRoot": false,
            "uuid": "061a3677-c077-432f-aa41-e5bdd9185fc2",
            "isHook": false,
            "skipped": false
          },
          {
            "title": "Submit Card Payment",
            "fullTitle": "BAR Post Clerk Add Payment Instruction: Submit Card Payment",
            "timedOut": false,
            "duration": 772,
            "state": "failed",
            "pass": false,
            "fail": true,
            "pending": false,
            "code": "I.submitAllPaymentInformation();",
            "err": {
              "message": "Error: number or type of arguments don't agree with keys protocol command",
              "estack": "number or type of arguments don't agree with keys protocol command\n\nScenario Steps:\n\n- I.pressKey({\"css\":\"[type=\\\"checkbox\\\"]\"}) at Object.submitAllPaymentInformation (test/end-to-end/pages/steps_file.js:216:18)\n- I.checkOption({\"css\":\"[type=\\\"checkbox\\\"]\"}) at Object.submitAllPaymentInformation (test/end-to-end/pages/steps_file.js:215:18)\n- I.waitForElement({\"xpath\":\"//div/div[1]/div[2]/div[2]/div/button[2]\"}, 30) at Object.submitAllPaymentInformation (test/end-to-end/pages/steps_file.js:214:18)\n- I.click({\"xpath\":\"//div[2]/div/ul/li[2]/a\"}) at Object.submitAllPaymentInformation (test/end-to-end/pages/steps_file.js:213:18)\n- I.waitForElement({\"xpath\":\"//div[2]/div/ul/li[2]/a\"}, 30) at Object.submitAllPaymentInformation (test/end-to-end/pages/steps_file.js:212:18)\n\n"
            },
            "isRoot": false,
            "uuid": "1a31f8ef-5353-400f-91b7-877c80503de9",
            "isHook": false,
            "skipped": false
          }
        ],
        "suites": [],
        "passes": [
          "36f0d44c-b0f1-4f60-9825-0a5741102b4f",
          "a676aa13-dc2c-4aed-a387-47ed3a75cb2f",
          "2d5cf775-dfa4-43cc-a168-9c9f050be983",
          "49a1c0c8-2b14-4fd7-90c1-31a7cf5a583e",
          "21587b3f-e78f-46a6-a328-d6e2ef2cf317",
          "061a3677-c077-432f-aa41-e5bdd9185fc2"
        ],
        "failures": [
          "1a31f8ef-5353-400f-91b7-877c80503de9"
        ],
        "pending": [],
        "skipped": [],
        "duration": 22385,
        "root": false,
        "rootEmpty": false,
        "_timeout": 0
      },
      {
        "uuid": "0c4f5299-1716-40a1-9648-e46c7df21855",
        "title": "BAR Post Clerk Delete Payment Instruction",
        "fullFile": "/Users/krishnakishorenuthalapati/git2/BAR-WEB-Acceptance-Tests/bar-web-acceptance-tests/test/end-to-end/tests/BARPostClerkDelete_test.js",
        "file": "/test/end-to-end/tests/BARPostClerkDelete_test.js",
        "beforeHooks": [
          {
            "title": "\"before all\" hook: codeceptjs.beforeSuite",
            "fullTitle": "BAR Post Clerk Delete Payment Instruction \"before all\" hook: codeceptjs.beforeSuite",
            "timedOut": false,
            "duration": 1,
            "pass": false,
            "fail": false,
            "pending": false,
            "code": "scenario.suiteSetup(suite)",
            "err": {},
            "isRoot": false,
            "uuid": "c5c8bce2-d2ce-4530-859d-8071dcb7438f",
            "isHook": true,
            "skipped": false
          },
          {
            "title": "\"before each\" hook: codeceptjs.before",
            "fullTitle": "BAR Post Clerk Delete Payment Instruction \"before each\" hook: codeceptjs.before",
            "timedOut": false,
            "duration": 743,
            "pass": false,
            "fail": false,
            "pending": false,
            "code": "scenario.setup(suite)",
            "err": {},
            "isRoot": false,
            "uuid": "831276d3-3f05-415e-8051-9b6aa6d52798",
            "isHook": true,
            "skipped": false
          },
          {
            "title": "\"before each\" hook: Before",
            "fullTitle": "BAR Post Clerk Delete Payment Instruction \"before each\" hook: Before",
            "timedOut": false,
            "duration": 6812,
            "pass": false,
            "fail": false,
            "pending": false,
            "code": "(I, Idam) => {\n    I.amOnPage('/login');\n    I.login('i118030@nwytg.com', 'LevelAt12');",
            "err": {},
            "isRoot": false,
            "uuid": "726e2582-4e2c-4ef7-9a47-6c939c040e59",
            "isHook": true,
            "skipped": false
          }
        ],
        "afterHooks": [
          {
            "title": "\"after all\" hook: codeceptjs.afterSuite",
            "fullTitle": "BAR Post Clerk Delete Payment Instruction \"after all\" hook: codeceptjs.afterSuite",
            "timedOut": false,
            "duration": 0,
            "pass": false,
            "fail": false,
            "pending": false,
            "code": "scenario.suiteTeardown(suite)",
            "err": {},
            "isRoot": false,
            "uuid": "2b579d34-d8c6-43de-bc14-a50eb9916fe7",
            "isHook": true,
            "skipped": false
          },
          {
            "title": "\"after each\" hook: finalize codeceptjs",
            "fullTitle": "BAR Post Clerk Delete Payment Instruction \"after each\" hook: finalize codeceptjs",
            "timedOut": false,
            "duration": 54,
            "pass": false,
            "fail": false,
            "pending": false,
            "code": "scenario.teardown(suite)",
            "err": {},
            "isRoot": false,
            "uuid": "6ca75bf3-e87a-4765-bcf1-fec5ad15796a",
            "isHook": true,
            "skipped": false
          }
        ],
        "tests": [
          {
            "title": "Select Payment Type Card",
            "fullTitle": "BAR Post Clerk Delete Payment Instruction: Select Payment Type Card",
            "timedOut": false,
            "duration": 4084,
            "state": "passed",
            "speed": "slow",
            "pass": true,
            "fail": false,
            "pending": false,
            "code": "I.paymentTypeCard();",
            "err": {},
            "isRoot": false,
            "uuid": "c36d8354-7d64-4bbb-8364-e20d7b30e338",
            "isHook": false,
            "skipped": false
          },
          {
            "title": "Edit Card Payment",
            "fullTitle": "BAR Post Clerk Delete Payment Instruction: Edit Card Payment",
            "timedOut": false,
            "duration": 5405,
            "state": "passed",
            "speed": "slow",
            "pass": true,
            "fail": false,
            "pending": false,
            "code": "I.editPayerNameAmountAndAuthorizationCode();",
            "err": {},
            "isRoot": false,
            "uuid": "c7713066-ab2f-4991-8fdc-1d243fe32550",
            "isHook": false,
            "skipped": false
          }
        ],
        "suites": [],
        "passes": [
          "c36d8354-7d64-4bbb-8364-e20d7b30e338",
          "c7713066-ab2f-4991-8fdc-1d243fe32550"
        ],
        "failures": [],
        "pending": [],
        "skipped": [],
        "duration": 9489,
        "root": false,
        "rootEmpty": false,
        "_timeout": 0
      },
      {
        "uuid": "7792e8b7-c741-4854-a8f0-fff5b87ff3eb",
        "title": "BAR Post Clerk Edit Payment Instruction",
        "fullFile": "/Users/krishnakishorenuthalapati/git2/BAR-WEB-Acceptance-Tests/bar-web-acceptance-tests/test/end-to-end/tests/BARPostClerkEdit_test.js",
        "file": "/test/end-to-end/tests/BARPostClerkEdit_test.js",
        "beforeHooks": [
          {
            "title": "\"before all\" hook: codeceptjs.beforeSuite",
            "fullTitle": "BAR Post Clerk Edit Payment Instruction \"before all\" hook: codeceptjs.beforeSuite",
            "timedOut": false,
            "duration": 0,
            "pass": false,
            "fail": false,
            "pending": false,
            "code": "scenario.suiteSetup(suite)",
            "err": {},
            "isRoot": false,
            "uuid": "c6b1e5cc-7695-447a-9b85-c03c4ebf3650",
            "isHook": true,
            "skipped": false
          },
          {
            "title": "\"before each\" hook: codeceptjs.before",
            "fullTitle": "BAR Post Clerk Edit Payment Instruction \"before each\" hook: codeceptjs.before",
            "timedOut": false,
            "duration": 687,
            "pass": false,
            "fail": false,
            "pending": false,
            "code": "scenario.setup(suite)",
            "err": {},
            "isRoot": false,
            "uuid": "7ec7e80f-82ce-4a31-8f51-c8a34d08a2a3",
            "isHook": true,
            "skipped": false
          },
          {
            "title": "\"before each\" hook: Before",
            "fullTitle": "BAR Post Clerk Edit Payment Instruction \"before each\" hook: Before",
            "timedOut": false,
            "duration": 6510,
            "pass": false,
            "fail": false,
            "pending": false,
            "code": "(I, Idam) => {\n    I.amOnPage('/login');\n    I.login('i118030@nwytg.com', 'LevelAt12');",
            "err": {},
            "isRoot": false,
            "uuid": "a6a36ef5-3323-4ee4-8b39-838c893a3726",
            "isHook": true,
            "skipped": false
          }
        ],
        "afterHooks": [
          {
            "title": "\"after all\" hook: codeceptjs.afterSuite",
            "fullTitle": "BAR Post Clerk Edit Payment Instruction \"after all\" hook: codeceptjs.afterSuite",
            "timedOut": false,
            "duration": 0,
            "pass": false,
            "fail": false,
            "pending": false,
            "code": "scenario.suiteTeardown(suite)",
            "err": {},
            "isRoot": false,
            "uuid": "7395f20d-fa26-4348-b79b-fc7d71113ac3",
            "isHook": true,
            "skipped": false
          },
          {
            "title": "\"after each\" hook: finalize codeceptjs",
            "fullTitle": "BAR Post Clerk Edit Payment Instruction \"after each\" hook: finalize codeceptjs",
            "timedOut": false,
            "duration": 54,
            "pass": false,
            "fail": false,
            "pending": false,
            "code": "scenario.teardown(suite)",
            "err": {},
            "isRoot": false,
            "uuid": "39350721-f2a5-49ea-9be1-afc68088e293",
            "isHook": true,
            "skipped": false
          }
        ],
        "tests": [
          {
            "title": "Select Payment Type Card",
            "fullTitle": "BAR Post Clerk Edit Payment Instruction: Select Payment Type Card",
            "timedOut": false,
            "duration": 4103,
            "state": "passed",
            "speed": "slow",
            "pass": true,
            "fail": false,
            "pending": false,
            "code": "I.paymentTypeCard();",
            "err": {},
            "isRoot": false,
            "uuid": "65d0bfe0-bae2-4b70-991a-4498131d74d0",
            "isHook": false,
            "skipped": false
          },
          {
            "title": "Edit Card Payment",
            "fullTitle": "BAR Post Clerk Edit Payment Instruction: Edit Card Payment",
            "timedOut": false,
            "duration": 5447,
            "state": "passed",
            "speed": "slow",
            "pass": true,
            "fail": false,
            "pending": false,
            "code": "I.editPayerNameAmountAndAuthorizationCode();",
            "err": {},
            "isRoot": false,
            "uuid": "6c34a623-9802-43be-9e3f-94e431387eef",
            "isHook": false,
            "skipped": false
          }
        ],
        "suites": [],
        "passes": [
          "65d0bfe0-bae2-4b70-991a-4498131d74d0",
          "6c34a623-9802-43be-9e3f-94e431387eef"
        ],
        "failures": [],
        "pending": [],
        "skipped": [],
        "duration": 9550,
        "root": false,
        "rootEmpty": false,
        "_timeout": 0
      },
      {
        "uuid": "18d17489-ebfd-4b94-a90d-6cf47d82e1e8",
        "title": "BAR Post Clerk Submit Payment Instruction",
        "fullFile": "/Users/krishnakishorenuthalapati/git2/BAR-WEB-Acceptance-Tests/bar-web-acceptance-tests/test/end-to-end/tests/BARPostClerkSubmit_test.js",
        "file": "/test/end-to-end/tests/BARPostClerkSubmit_test.js",
        "beforeHooks": [
          {
            "title": "\"before all\" hook: codeceptjs.beforeSuite",
            "fullTitle": "BAR Post Clerk Submit Payment Instruction \"before all\" hook: codeceptjs.beforeSuite",
            "timedOut": false,
            "duration": 1,
            "pass": false,
            "fail": false,
            "pending": false,
            "code": "scenario.suiteSetup(suite)",
            "err": {},
            "isRoot": false,
            "uuid": "0fbe0dcb-f46d-4689-ab92-0a07e9362c7a",
            "isHook": true,
            "skipped": false
          },
          {
            "title": "\"before each\" hook: codeceptjs.before",
            "fullTitle": "BAR Post Clerk Submit Payment Instruction \"before each\" hook: codeceptjs.before",
            "timedOut": false,
            "duration": 686,
            "pass": false,
            "fail": false,
            "pending": false,
            "code": "scenario.setup(suite)",
            "err": {},
            "isRoot": false,
            "uuid": "ce19eeaa-37f2-4239-8124-338882914730",
            "isHook": true,
            "skipped": false
          },
          {
            "title": "\"before each\" hook: Before",
            "fullTitle": "BAR Post Clerk Submit Payment Instruction \"before each\" hook: Before",
            "timedOut": false,
            "duration": 7192,
            "pass": false,
            "fail": false,
            "pending": false,
            "code": "(I, Idam) => {\n    I.amOnPage('/login');\n    I.login('i118030@nwytg.com', 'LevelAt12');",
            "err": {},
            "isRoot": false,
            "uuid": "56c3c493-1647-44d6-b47e-328c747f0ad6",
            "isHook": true,
            "skipped": false
          }
        ],
        "afterHooks": [
          {
            "title": "\"after all\" hook: codeceptjs.afterSuite",
            "fullTitle": "BAR Post Clerk Submit Payment Instruction \"after all\" hook: codeceptjs.afterSuite",
            "timedOut": false,
            "duration": 0,
            "pass": false,
            "fail": false,
            "pending": false,
            "code": "scenario.suiteTeardown(suite)",
            "err": {},
            "isRoot": false,
            "uuid": "dace3c3f-f570-42ef-b2b8-aed92478a69f",
            "isHook": true,
            "skipped": false
          },
          {
            "title": "\"after each\" hook: finalize codeceptjs",
            "fullTitle": "BAR Post Clerk Submit Payment Instruction \"after each\" hook: finalize codeceptjs",
            "timedOut": false,
            "duration": 56,
            "pass": false,
            "fail": false,
            "pending": false,
            "code": "scenario.teardown(suite)",
            "err": {},
            "isRoot": false,
            "uuid": "20cb9eac-9d18-4f05-8e08-3456bb7608c6",
            "isHook": true,
            "skipped": false
          }
        ],
        "tests": [
          {
            "title": "Select Payment Type Card",
            "fullTitle": "BAR Post Clerk Submit Payment Instruction: Select Payment Type Card",
            "timedOut": false,
            "duration": 4042,
            "state": "passed",
            "speed": "slow",
            "pass": true,
            "fail": false,
            "pending": false,
            "code": "I.paymentTypeCard();",
            "err": {},
            "isRoot": false,
            "uuid": "9d8cddd5-5b0e-40aa-98a5-951cbc468ace",
            "isHook": false,
            "skipped": false
          },
          {
            "title": "Submit Card Payment",
            "fullTitle": "BAR Post Clerk Submit Payment Instruction: Submit Card Payment",
            "timedOut": false,
            "duration": 716,
            "state": "failed",
            "pass": false,
            "fail": true,
            "pending": false,
            "code": "I.submitAllPaymentInformation();",
            "err": {
              "message": "Error: number or type of arguments don't agree with keys protocol command",
              "estack": "number or type of arguments don't agree with keys protocol command\n\nScenario Steps:\n\n- I.pressKey({\"css\":\"[type=\\\"checkbox\\\"]\"}) at Object.submitAllPaymentInformation (test/end-to-end/pages/steps_file.js:216:18)\n- I.checkOption({\"css\":\"[type=\\\"checkbox\\\"]\"}) at Object.submitAllPaymentInformation (test/end-to-end/pages/steps_file.js:215:18)\n- I.waitForElement({\"xpath\":\"//div/div[1]/div[2]/div[2]/div/button[2]\"}, 30) at Object.submitAllPaymentInformation (test/end-to-end/pages/steps_file.js:214:18)\n- I.click({\"xpath\":\"//div[2]/div/ul/li[2]/a\"}) at Object.submitAllPaymentInformation (test/end-to-end/pages/steps_file.js:213:18)\n- I.waitForElement({\"xpath\":\"//div[2]/div/ul/li[2]/a\"}, 30) at Object.submitAllPaymentInformation (test/end-to-end/pages/steps_file.js:212:18)\n\n"
            },
            "isRoot": false,
            "uuid": "1b8d4c56-83ae-441b-b602-6796baa6d807",
            "isHook": false,
            "skipped": false
          }
        ],
        "suites": [],
        "passes": [
          "9d8cddd5-5b0e-40aa-98a5-951cbc468ace"
        ],
        "failures": [
          "1b8d4c56-83ae-441b-b602-6796baa6d807"
        ],
        "pending": [],
        "skipped": [],
        "duration": 4758,
        "root": false,
        "rootEmpty": false,
        "_timeout": 0
      }
    ],
    "passes": [],
    "failures": [],
    "pending": [],
    "skipped": [],
    "duration": 0,
    "root": true,
    "rootEmpty": true,
    "_timeout": 0
  },
  "copyrightYear": 2018
}